2021-12-13 00:44:42.101 [GuliHikariPool housekeeper] WARN  com.zaxxer.hikari.pool.HikariPool - GuliHikariPool - Thread starvation or clock leap detected (housekeeper delta=45m40s554ms).
2021-12-13 00:46:36.991 [GuliHikariPool housekeeper] WARN  com.zaxxer.hikari.pool.HikariPool - GuliHikariPool - Thread starvation or clock leap detected (housekeeper delta=54s795ms).
2021-12-13 00:51:02.919 [GuliHikariPool housekeeper] WARN  com.zaxxer.hikari.pool.HikariPool - GuliHikariPool - Thread starvation or clock leap detected (housekeeper delta=4m25s928ms).
2021-12-13 00:53:28.504 [GuliHikariPool housekeeper] WARN  com.zaxxer.hikari.pool.HikariPool - GuliHikariPool - Thread starvation or clock leap detected (housekeeper delta=54s805ms).
2021-12-13 01:15:37.046 [GuliHikariPool housekeeper] WARN  com.zaxxer.hikari.pool.HikariPool - GuliHikariPool - Thread starvation or clock leap detected (housekeeper delta=21m38s529ms).
2021-12-13 03:05:02.620 [GuliHikariPool housekeeper] WARN  com.zaxxer.hikari.pool.HikariPool - GuliHikariPool - Thread starvation or clock leap detected (housekeeper delta=1h49m25s574ms).
2021-12-13 07:56:45.557 [GuliHikariPool housekeeper] WARN  com.zaxxer.hikari.pool.HikariPool - GuliHikariPool - Thread starvation or clock leap detected (housekeeper delta=4h51m42s937ms).
2021-12-13 08:19:53.866 [GuliHikariPool housekeeper] WARN  com.zaxxer.hikari.pool.HikariPool - GuliHikariPool - Thread starvation or clock leap detected (housekeeper delta=23m8s309ms).
2021-12-13 08:21:18.109 [GuliHikariPool housekeeper] WARN  com.zaxxer.hikari.pool.HikariPool - GuliHikariPool - Thread starvation or clock leap detected (housekeeper delta=53s681ms).
2021-12-13 08:39:17.790 [GuliHikariPool housekeeper] WARN  com.zaxxer.hikari.pool.HikariPool - GuliHikariPool - Thread starvation or clock leap detected (housekeeper delta=17m29s659ms).
2021-12-13 08:47:35.227 [GuliHikariPool housekeeper] WARN  com.zaxxer.hikari.pool.HikariPool - GuliHikariPool - Thread starvation or clock leap detected (housekeeper delta=3m47s358ms).
2021-12-13 10:06:08.482 [restartedMain] WARN  o.s.b.d.autoconfigure.OptionalLiveReloadServer - Unable to start LiveReload server
2021-12-13 10:06:08.601 [restartedMain] WARN  org.thymeleaf.templatemode.TemplateMode - [THYMELEAF][restartedMain] Template Mode 'LEGACYHTML5' is deprecated. Using Template Mode 'HTML' instead.
2021-12-13 11:47:49.009 [restartedMain] WARN  o.s.b.d.autoconfigure.OptionalLiveReloadServer - Unable to start LiveReload server
2021-12-13 11:47:49.071 [restartedMain] WARN  org.thymeleaf.templatemode.TemplateMode - [THYMELEAF][restartedMain] Template Mode 'LEGACYHTML5' is deprecated. Using Template Mode 'HTML' instead.
2021-12-13 11:49:00.824 [restartedMain] WARN  o.s.b.d.autoconfigure.OptionalLiveReloadServer - Unable to start LiveReload server
2021-12-13 11:49:00.918 [restartedMain] WARN  org.thymeleaf.templatemode.TemplateMode - [THYMELEAF][restartedMain] Template Mode 'LEGACYHTML5' is deprecated. Using Template Mode 'HTML' instead.
2021-12-13 14:35:26.249 [restartedMain] WARN  org.thymeleaf.templatemode.TemplateMode - [THYMELEAF][restartedMain] Template Mode 'LEGACYHTML5' is deprecated. Using Template Mode 'HTML' instead.
2021-12-13 23:25:10.642 [GuliHikariPool housekeeper] WARN  com.zaxxer.hikari.pool.HikariPool - GuliHikariPool - Thread starvation or clock leap detected (housekeeper delta=1m38s894ms).
2021-12-13 23:33:06.512 [GuliHikariPool housekeeper] WARN  com.zaxxer.hikari.pool.HikariPool - GuliHikariPool - Thread starvation or clock leap detected (housekeeper delta=7m25s823ms).
2021-12-13 23:54:08.829 [GuliHikariPool housekeeper] WARN  com.zaxxer.hikari.pool.HikariPool - GuliHikariPool - Thread starvation or clock leap detected (housekeeper delta=20m32s302ms).
